e:\c++\skyline\source\essengine\debug\vc120.pdb
e:\c++\skyline\source\essengine\debug\vc120.idb
e:\c++\skyline\source\essengine\debug\camera2d.obj
e:\c++\skyline\source\essengine\debug\glw.obj
e:\c++\skyline\source\essengine\debug\map.obj
e:\c++\skyline\source\essengine\debug\mapparser.obj
e:\c++\skyline\source\essengine\debug\model.obj
e:\c++\skyline\source\essengine\debug\sdlw.obj
e:\c++\skyline\source\essengine\debug\shader.obj
e:\c++\skyline\source\essengine\debug\texture.obj
e:\c++\skyline\source\essengine\debug\tile.obj
e:\c++\skyline\source\essengine\debug\timer.obj
e:\c++\skyline\source\essengine\debug\runtimeexception.obj
e:\c++\skyline\source\essengine\debug\glprogram.obj
e:\c++\skyline\source\essengine\debug\gltexture.obj
e:\c++\skyline\source\essengine\debug\iomanager.obj
e:\c++\skyline\source\essengine\debug\resourcemanager.obj
e:\c++\skyline\source\essengine\debug\spritebatch.obj
e:\c++\skyline\source\essengine\debug\grass.obj
e:\c++\skyline\source\essengine\debug\texturecache.obj
e:\c++\skyline\source\essengine\debug\window.obj
e:\c++\skyline\source\essengine\debug\essengine.lib
e:\c++\skyline\source\essengine\debug\essengine.tlog\cl.command.1.tlog
e:\c++\skyline\source\essengine\debug\essengine.tlog\cl.read.1.tlog
e:\c++\skyline\source\essengine\debug\essengine.tlog\cl.write.1.tlog
e:\c++\skyline\source\essengine\debug\essengine.tlog\lib-link.read.1.tlog
e:\c++\skyline\source\essengine\debug\essengine.tlog\lib-link.write.1.tlog
e:\c++\skyline\source\essengine\debug\essengine.tlog\lib.command.1.tlog
